2022-02-03 01:40:41,987  INFO [main] ChiropractorRegTest:56 - begin setUp
2022-02-03 01:40:42,247 DEBUG [main] InternalLoggerFactory:89 - Using Log4J as the default logging framework
2022-02-03 01:40:42,253 DEBUG [main] ResourceLeakDetector:129 - -Dio.netty.leakDetection.level: simple
2022-02-03 01:40:42,254 DEBUG [main] ResourceLeakDetector:130 - -Dio.netty.leakDetection.targetRecords: 4
2022-02-03 01:40:42,256 DEBUG [main] ResourceLeakDetectorFactory:196 - Loaded default ResourceLeakDetector: io.netty.util.ResourceLeakDetector@710b30ef
2022-02-03 01:40:42,267 DEBUG [main] PlatformDependent0:460 - -Dio.netty.noUnsafe: false
2022-02-03 01:40:42,267 DEBUG [main] PlatformDependent0:954 - Java version: 17
2022-02-03 01:40:42,268 DEBUG [main] PlatformDependent0:135 - sun.misc.Unsafe.theUnsafe: available
2022-02-03 01:40:42,269 DEBUG [main] PlatformDependent0:159 - sun.misc.Unsafe.copyMemory: available
2022-02-03 01:40:42,269 DEBUG [main] PlatformDependent0:202 - java.nio.Buffer.address: available
2022-02-03 01:40:42,269 DEBUG [main] PlatformDependent0:285 - direct buffer constructor: unavailable: Reflective setAccessible(true) disabled
2022-02-03 01:40:42,270 DEBUG [main] PlatformDependent0:350 - java.nio.Bits.unaligned: available, true
2022-02-03 01:40:42,271 DEBUG [main] PlatformDependent0:417 - jdk.internal.misc.Unsafe.allocateUninitializedArray(int): unavailable: class io.netty.util.internal.PlatformDependent0$6 cannot access class jdk.internal.misc.Unsafe (in module java.base) because module java.base does not export jdk.internal.misc to unnamed module @685cb137
2022-02-03 01:40:42,271 DEBUG [main] PlatformDependent0:446 - java.nio.DirectByteBuffer.<init>(long, int): unavailable
2022-02-03 01:40:42,272 DEBUG [main] PlatformDependent:1103 - sun.misc.Unsafe: available
2022-02-03 01:40:42,280 DEBUG [main] PlatformDependent:1205 - maxDirectMemory: 4213178368 bytes (maybe)
2022-02-03 01:40:42,281 DEBUG [main] PlatformDependent:1224 - -Dio.netty.tmpdir: C:\Users\INAM~1.WAR\AppData\Local\Temp (java.io.tmpdir)
2022-02-03 01:40:42,282 DEBUG [main] PlatformDependent:1303 - -Dio.netty.bitMode: 64 (sun.arch.data.model)
2022-02-03 01:40:42,282 DEBUG [main] PlatformDependent:1063 - Platform: Windows
2022-02-03 01:40:42,283 DEBUG [main] PlatformDependent:178 - -Dio.netty.maxDirectMemory: -1 bytes
2022-02-03 01:40:42,283 DEBUG [main] PlatformDependent:185 - -Dio.netty.uninitializedArrayAllocationThreshold: -1
2022-02-03 01:40:42,283 DEBUG [main] CleanerJava9:71 - java.nio.ByteBuffer.cleaner(): available
2022-02-03 01:40:42,284 DEBUG [main] PlatformDependent:205 - -Dio.netty.noPreferDirect: false
2022-02-03 01:40:42,289 DEBUG [main] PlatformDependent:967 - org.jctools-core.MpscChunkedArrayQueue: available
2022-02-03 01:40:42,302 DEBUG [main] InternalThreadLocalMap:83 - -Dio.netty.threadLocalMap.stringBuilder.initialSize: 1024
2022-02-03 01:40:42,302 DEBUG [main] InternalThreadLocalMap:86 - -Dio.netty.threadLocalMap.stringBuilder.maxSize: 4096
2022-02-03 01:40:42,312 DEBUG [main] JdkSslContext:97 - Default protocols (JDK): [TLSv1.3, TLSv1.2] 
2022-02-03 01:40:42,312 DEBUG [main] JdkSslContext:98 - Default cipher suites (JDK): [TLS_ECDHE_ECDSA_WITH_AES_256_GCM_SHA384, TLS_ECDHE_ECDSA_WITH_AES_128_GCM_SHA256, TLS_ECDHE_RSA_WITH_AES_128_GCM_SHA256, TLS_ECDHE_RSA_WITH_AES_256_GCM_SHA384, TLS_ECDHE_RSA_WITH_AES_128_CBC_SHA, TLS_ECDHE_RSA_WITH_AES_256_CBC_SHA, TLS_RSA_WITH_AES_128_GCM_SHA256, TLS_RSA_WITH_AES_128_CBC_SHA, TLS_RSA_WITH_AES_256_CBC_SHA, TLS_AES_128_GCM_SHA256, TLS_AES_256_GCM_SHA384]
2022-02-03 01:40:42,329 DEBUG [main] MultithreadEventLoopGroup:44 - -Dio.netty.eventLoopThreads: 16
2022-02-03 01:40:42,335 DEBUG [main] NioEventLoop:106 - -Dio.netty.noKeySetOptimization: false
2022-02-03 01:40:42,335 DEBUG [main] NioEventLoop:107 - -Dio.netty.selectorAutoRebuildThreshold: 512
2022-02-03 01:40:42,380 DEBUG [main] PooledByteBufAllocator:155 - -Dio.netty.allocator.numHeapArenas: 16
2022-02-03 01:40:42,380 DEBUG [main] PooledByteBufAllocator:156 - -Dio.netty.allocator.numDirectArenas: 16
2022-02-03 01:40:42,381 DEBUG [main] PooledByteBufAllocator:158 - -Dio.netty.allocator.pageSize: 8192
2022-02-03 01:40:42,381 DEBUG [main] PooledByteBufAllocator:163 - -Dio.netty.allocator.maxOrder: 11
2022-02-03 01:40:42,381 DEBUG [main] PooledByteBufAllocator:167 - -Dio.netty.allocator.chunkSize: 16777216
2022-02-03 01:40:42,381 DEBUG [main] PooledByteBufAllocator:168 - -Dio.netty.allocator.smallCacheSize: 256
2022-02-03 01:40:42,381 DEBUG [main] PooledByteBufAllocator:169 - -Dio.netty.allocator.normalCacheSize: 64
2022-02-03 01:40:42,381 DEBUG [main] PooledByteBufAllocator:170 - -Dio.netty.allocator.maxCachedBufferCapacity: 32768
2022-02-03 01:40:42,382 DEBUG [main] PooledByteBufAllocator:171 - -Dio.netty.allocator.cacheTrimInterval: 8192
2022-02-03 01:40:42,382 DEBUG [main] PooledByteBufAllocator:172 - -Dio.netty.allocator.cacheTrimIntervalMillis: 0
2022-02-03 01:40:42,382 DEBUG [main] PooledByteBufAllocator:173 - -Dio.netty.allocator.useCacheForAllThreads: true
2022-02-03 01:40:42,382 DEBUG [main] PooledByteBufAllocator:174 - -Dio.netty.allocator.maxCachedByteBuffersPerChunk: 1023
2022-02-03 01:40:42,390 DEBUG [main] ByteBufUtil:87 - -Dio.netty.allocator.type: pooled
2022-02-03 01:40:42,390 DEBUG [main] ByteBufUtil:96 - -Dio.netty.threadLocalDirectBufferSize: 0
2022-02-03 01:40:42,390 DEBUG [main] ByteBufUtil:99 - -Dio.netty.maxThreadLocalCharBufferSize: 16384
2022-02-03 01:40:42,664 DEBUG [Forwarding newSession on session null to remote] DefaultChannelId:79 - -Dio.netty.processId: 20292 (auto-detected)
2022-02-03 01:40:42,667 DEBUG [Forwarding newSession on session null to remote] NetUtil:135 - -Djava.net.preferIPv4Stack: false
2022-02-03 01:40:42,667 DEBUG [Forwarding newSession on session null to remote] NetUtil:136 - -Djava.net.preferIPv6Addresses: false
2022-02-03 01:40:42,672 DEBUG [Forwarding newSession on session null to remote] NetUtilInitializations:129 - Loopback interface: lo (Software Loopback Interface 1, 127.0.0.1)
2022-02-03 01:40:42,673 DEBUG [Forwarding newSession on session null to remote] NetUtil:187 - Failed to get SOMAXCONN from sysctl and file \proc\sys\net\core\somaxconn. Default: 200
2022-02-03 01:40:42,681 DEBUG [Forwarding newSession on session null to remote] DefaultChannelId:101 - -Dio.netty.machineId: 0c:9a:3c:ff:fe:41:ea:10 (auto-detected)
2022-02-03 01:40:42,711 DEBUG [AsyncHttpClient-1-2] AbstractByteBuf:63 - -Dio.netty.buffer.checkAccessible: true
2022-02-03 01:40:42,711 DEBUG [AsyncHttpClient-1-2] AbstractByteBuf:64 - -Dio.netty.buffer.checkBounds: true
2022-02-03 01:40:42,711 DEBUG [AsyncHttpClient-1-2] ResourceLeakDetectorFactory:196 - Loaded default ResourceLeakDetector: io.netty.util.ResourceLeakDetector@20ae9497
2022-02-03 01:40:42,730 DEBUG [AsyncHttpClient-1-2] Recycler:103 - -Dio.netty.recycler.maxCapacityPerThread: 4096
2022-02-03 01:40:42,730 DEBUG [AsyncHttpClient-1-2] Recycler:104 - -Dio.netty.recycler.maxSharedCapacityFactor: 2
2022-02-03 01:40:42,730 DEBUG [AsyncHttpClient-1-2] Recycler:105 - -Dio.netty.recycler.linkCapacity: 16
2022-02-03 01:40:42,730 DEBUG [AsyncHttpClient-1-2] Recycler:106 - -Dio.netty.recycler.ratio: 8
2022-02-03 01:40:42,730 DEBUG [AsyncHttpClient-1-2] Recycler:107 - -Dio.netty.recycler.delayedQueue.ratio: 8
2022-02-03 01:40:43,297 DEBUG [AsyncHttpClient-1-2] Brotli:38 - brotli4j not in the classpath; Brotli support will be unavailable.
2022-02-03 01:40:43,382 DEBUG [main] ThreadLocalRandom:214 - -Dio.netty.initialSeedUniquifier: 0x676c512ac77a3d4f
2022-02-03 01:40:51,890  INFO [main] ChiropractorRegTest:66 - end setUp
2022-02-03 01:40:51,901  INFO [main] ChiropractorRegTest:84 - begin homePageTitleTest
2022-02-03 01:40:51,912  INFO [main] ChiropractorRegTest:92 - homePageTitleTest Pass
2022-02-03 01:40:51,912  INFO [main] ChiropractorRegTest:96 - begin Epoc Logo Validation
2022-02-03 01:40:51,948  INFO [main] ChiropractorRegTest:100 - Epoc Logo Validation Pass
2022-02-03 01:40:51,952  INFO [main] ChiropractorRegTest:127 - begin click sign-up button test
2022-02-03 01:40:53,708  INFO [main] ChiropractorRegTest:131 - Epocrates - Sign in page Title test Pass
2022-02-03 01:40:53,708  INFO [main] ChiropractorRegTest:132 - end click sign-up button test
2022-02-03 01:40:53,710  INFO [main] ChiropractorRegTest:141 - begin click Register Now button test
2022-02-03 01:40:54,697  INFO [main] ChiropractorRegTest:145 - Epocrates - Create an Account Title validation Pass
2022-02-03 01:40:54,697  INFO [main] ChiropractorRegTest:146 - end click sign-up button test
2022-02-03 01:40:54,699  INFO [main] ChiropractorRegTest:155 - begin filling Registration Form Validation
2022-02-03 01:40:58,933  INFO [main] ChiropractorRegTest:159 - end filling Registration Form
2022-02-03 01:40:58,935  INFO [main] ChiropractorRegTest:167 - begin ThankYouTitleTest
2022-02-03 01:40:58,940  INFO [main] ChiropractorRegTest:170 - Epocrates - Thank You Page Title Validation Pass
2022-02-03 01:40:58,940  INFO [main] ChiropractorRegTest:172 - end ThankYouTitleTest
2022-02-03 01:40:58,941  INFO [main] ChiropractorRegTest:180 - begin click continue button test
2022-02-03 01:41:01,918  INFO [main] ChiropractorRegTest:185 - myAccountPageValidation Pass
2022-02-03 01:41:01,918  INFO [main] ChiropractorRegTest:186 - end click continue button test
2022-02-03 01:41:01,920  INFO [main] ChiropractorRegTest:195 - begin click sign out link test
2022-02-03 01:41:02,636  INFO [main] ChiropractorRegTest:200 - userSignOutValidation Pass
2022-02-03 01:41:02,636  INFO [main] ChiropractorRegTest:201 - end ThankYouTitleTest
